Summary of SPARK analysis
=========================

---------------------------------------------------------------------------------------------------------
SPARK Analysis results        Total        Flow   Interval   CodePeer      Provers   Justified   Unproved
---------------------------------------------------------------------------------------------------------
Data Dependencies                 .           .          .          .            .           .          .
Flow Dependencies                 .           .          .          .            .           .          .
Initialization                   15          15          .          .            .           .          .
Non-Aliasing                      .           .          .          .            .           .          .
Run-time Checks                  24           .          .          .    24 (CVC4)           .          .
Assertions                       14           .          .          .    14 (CVC4)           .          .
Functional Contracts              4           .          .          .     4 (CVC4)           .          .
LSP Verification                  .           .          .          .            .           .          .
---------------------------------------------------------------------------------------------------------
Total                            57    15 (26%)          .          .     42 (74%)           .          .


Analyzed 2 units
in unit main, 0 subprograms and packages out of 1 analyzed
  Main at main.adb:4 skipped
in unit strings, 12 subprograms and packages out of 12 analyzed
  Strings at strings.ads:1 flow analyzed (0 errors, 0 checks and 0 warnings) and proved (0 checks)
  Strings.areDiferent at strings.ads:17 flow analyzed (0 errors, 0 checks and 0 warnings) and proved (2 checks)
  Strings.claves at strings.ads:13 flow analyzed (0 errors, 0 checks and 0 warnings) and proved (0 checks)
  Strings.contantsKey at strings.ads:37 flow analyzed (0 errors, 0 checks and 0 warnings) and proved (6 checks)
  Strings.get at strings.ads:45 flow analyzed (0 errors, 0 checks and 0 warnings) and proved (7 checks)
  Strings.initMap at strings.ads:35 flow analyzed (0 errors, 0 checks and 0 warnings) and proved (0 checks)
  Strings.is_Init at strings.ads:15 flow analyzed (0 errors, 0 checks and 0 warnings) and proved (0 checks)
  Strings.map at strings.ads:10 flow analyzed (0 errors, 0 checks and 0 warnings) and proved (0 checks)
  Strings.put at strings.ads:54 flow analyzed (0 errors, 0 checks and 0 warnings) and proved (16 checks)
  Strings.search at strings.ads:24 flow analyzed (0 errors, 0 checks and 0 warnings) and proved (11 checks)
  Strings.size at strings.ads:12 flow analyzed (0 errors, 0 checks and 0 warnings) and proved (0 checks)
  Strings.valores at strings.ads:14 flow analyzed (0 errors, 0 checks and 0 warnings) and proved (0 checks)
